2025-03-13 20:36:44,179 - INFO - Found 22 missing tokens to fetch
2025-03-13 20:36:44,234 - INFO - Collecting trades for token 103381804002307735013900451516323947847453928083949503796066220902216377954960
2025-03-13 20:36:44,559 - INFO - No trades found for token 103381804002307735013900451516323947847453928083949503796066220902216377954960
2025-03-13 20:36:45,565 - INFO - Collecting trades for token 107559755671855374879086422009120146318971374970119716052335701058836724227860
2025-03-13 20:36:45,945 - INFO - No trades found for token 107559755671855374879086422009120146318971374970119716052335701058836724227860
2025-03-13 20:36:46,951 - INFO - Collecting trades for token 111974388004496269179051642953230270727157615907029476104182525641041248243492
2025-03-13 20:36:47,265 - INFO - No trades found for token 111974388004496269179051642953230270727157615907029476104182525641041248243492
2025-03-13 20:36:48,272 - INFO - Collecting trades for token 112745726652979777819978711369639498041993142058320073256424422160884058726723
2025-03-13 20:36:48,739 - INFO - No trades found for token 112745726652979777819978711369639498041993142058320073256424422160884058726723
2025-03-13 20:36:49,743 - INFO - Collecting trades for token 16921622349265919456238682074202673426963517640909944267597766832148719695731
2025-03-13 20:36:50,077 - INFO - No trades found for token 16921622349265919456238682074202673426963517640909944267597766832148719695731
2025-03-13 20:36:51,083 - INFO - Collecting trades for token 17740420188654384419917022393284601151624959230216099665333663356355952558523
2025-03-13 20:36:51,650 - INFO - No trades found for token 17740420188654384419917022393284601151624959230216099665333663356355952558523
2025-03-13 20:36:52,657 - INFO - Collecting trades for token 1867339407567644076235419060924197444562704442011654173290755194853463141243
2025-03-13 20:36:53,227 - INFO - No trades found for token 1867339407567644076235419060924197444562704442011654173290755194853463141243
2025-03-13 20:36:54,230 - INFO - Collecting trades for token 20722826274417183634526428044405665563626885374331689162569513580340081971438
2025-03-13 20:36:54,795 - INFO - No trades found for token 20722826274417183634526428044405665563626885374331689162569513580340081971438
2025-03-13 20:36:55,799 - INFO - Collecting trades for token 21351363155933934664313200388882515678031543240463621784219543817220104614446
2025-03-13 20:36:56,369 - INFO - No trades found for token 21351363155933934664313200388882515678031543240463621784219543817220104614446
2025-03-13 20:36:57,375 - INFO - Collecting trades for token 40303692641894083136837148892326357938915422898766371205140452979506024030067
2025-03-13 20:36:57,717 - INFO - No trades found for token 40303692641894083136837148892326357938915422898766371205140452979506024030067
2025-03-13 20:36:58,724 - INFO - Collecting trades for token 42533965071300884635139831679232955589744566207497397352323517464762549680941
2025-03-13 20:36:59,182 - INFO - No trades found for token 42533965071300884635139831679232955589744566207497397352323517464762549680941
2025-03-13 20:37:00,188 - INFO - Collecting trades for token 43922159678213594874846964493668909892361296494688593186314574310067400965520
2025-03-13 20:37:00,561 - INFO - No trades found for token 43922159678213594874846964493668909892361296494688593186314574310067400965520
2025-03-13 20:37:01,564 - INFO - Collecting trades for token 61358234491351358384577486500175353220359098440184581026023452314503124430443
2025-03-13 20:37:01,812 - INFO - No trades found for token 61358234491351358384577486500175353220359098440184581026023452314503124430443
2025-03-13 20:37:02,817 - INFO - Collecting trades for token 64602945383112395317346197195632385516261892694316034847125222211874126765825
2025-03-13 20:37:03,088 - INFO - No trades found for token 64602945383112395317346197195632385516261892694316034847125222211874126765825
2025-03-13 20:37:04,095 - INFO - Collecting trades for token 6573979316199210406752160392925785635050728828011137324845164260629286664986
2025-03-13 20:37:04,429 - INFO - No trades found for token 6573979316199210406752160392925785635050728828011137324845164260629286664986
2025-03-13 20:37:05,432 - INFO - Collecting trades for token 75022043896810879701917506146582579946136083560961357641443542874302929684167
2025-03-13 20:37:05,678 - INFO - No trades found for token 75022043896810879701917506146582579946136083560961357641443542874302929684167
2025-03-13 20:37:06,684 - INFO - Collecting trades for token 81683736401679340999523000615584011175571197409221168325542488805087469326852
2025-03-13 20:37:06,931 - INFO - No trades found for token 81683736401679340999523000615584011175571197409221168325542488805087469326852
2025-03-13 20:37:07,936 - INFO - Collecting trades for token 83084419774584233186020745330880948296863680772481158740994373325713537370677
2025-03-13 20:37:08,144 - INFO - No trades found for token 83084419774584233186020745330880948296863680772481158740994373325713537370677
2025-03-13 20:37:09,149 - INFO - Collecting trades for token 87951314474965704156838848094376405319203991506385437030817326135725615189825
2025-03-13 20:37:09,673 - INFO - No trades found for token 87951314474965704156838848094376405319203991506385437030817326135725615189825
2025-03-13 20:37:10,679 - INFO - Collecting trades for token 92340966729185652243056819821805648161273314563451105795531208764508679399491
2025-03-13 20:37:10,927 - INFO - No trades found for token 92340966729185652243056819821805648161273314563451105795531208764508679399491
2025-03-13 20:37:11,933 - INFO - Collecting trades for token 93748172546268023113825375796242721316582646763069446881173193697290977259823
2025-03-13 20:37:12,318 - INFO - No trades found for token 93748172546268023113825375796242721316582646763069446881173193697290977259823
2025-03-13 20:37:13,325 - INFO - Collecting trades for token 98660164847018785053515195952319232386051532199528964628112014110011016359177
2025-03-13 20:37:13,669 - INFO - No trades found for token 98660164847018785053515195952319232386051532199528964628112014110011016359177
2025-03-13 20:37:14,675 - INFO - Processing complete: 22/22 tokens successful
2025-03-13 20:37:14,675 - INFO - Tokens with trades: 0/22
2025-03-13 20:37:14,675 - INFO - Total trades collected: 0
2025-03-13 20:37:14,678 - INFO - Results saved to reports/missing_tokens_results.json
